<?xml version="1.0" encoding="UTF-8"?>
<!-- Generated by org.testng.reporters.JUnitReportReporter -->
<testsuite skipped="0" hostname="DESKTOP-3OR8M0T" name="SmokeTest.HomePage" tests="2" failures="0" timestamp="18 Apr 2019 23:44:57 GMT" time="84.545" errors="0">
  <testcase name="basePageNavigation" time="32.717" classname="SmokeTest.HomePage"/>
  <testcase name="basePageNavigation" time="51.828" classname="SmokeTest.HomePage"/>
</testsuite> <!-- SmokeTest.HomePage -->
