<?xml version="1.0" encoding="UTF-8"?>
<!-- Generated by org.testng.reporters.JUnitReportReporter -->
<testsuite skipped="0" hostname="DESKTOP-3OR8M0T" name="SmokeTest.validateNavigationBar" tests="1" failures="0" timestamp="19 Apr 2019 00:20:30 GMT" time="0.269" errors="0">
  <testcase name="validateAppNavigationBar" time="0.269" classname="SmokeTest.validateNavigationBar"/>
</testsuite> <!-- SmokeTest.validateNavigationBar -->
