<?xml version="1.0" encoding="UTF-8"?>
<!-- Generated by org.testng.reporters.JUnitReportReporter -->
<testsuite hostname="DESKTOP-3OR8M0T" name="SmokeTest.HomePage" tests="2" failures="0" timestamp="18 Apr 2019 20:00:18 GMT" time="71.338" errors="0">
  <testcase name="basePageNavigation" time="40.590" classname="SmokeTest.HomePage"/>
  <testcase name="basePageNavigation" time="30.748" classname="SmokeTest.HomePage"/>
</testsuite> <!-- SmokeTest.HomePage -->
