<?xml version="1.0" encoding="UTF-8"?>
<!-- Generated by org.testng.reporters.JUnitReportReporter -->
<testsuite skipped="0" hostname="DESKTOP-3OR8M0T" name="SmokeTest.validateNavigationBar" tests="1" failures="0" timestamp="18 Apr 2019 23:44:57 GMT" time="0.506" errors="0">
  <testcase name="validateAppNavigationBar" time="0.506" classname="SmokeTest.validateNavigationBar"/>
</testsuite> <!-- SmokeTest.validateNavigationBar -->
