<?xml version="1.0" encoding="UTF-8"?>
<!-- Generated by org.testng.reporters.JUnitReportReporter -->
<testsuite skipped="0" hostname="DESKTOP-3OR8M0T" name="SmokeTest.HomePage" tests="2" failures="0" timestamp="19 Apr 2019 14:45:25 GMT" time="85.508" errors="0">
  <testcase name="basePageNavigation" time="52.272" classname="SmokeTest.HomePage"/>
  <testcase name="basePageNavigation" time="33.236" classname="SmokeTest.HomePage"/>
</testsuite> <!-- SmokeTest.HomePage -->
