<?xml version="1.0" encoding="UTF-8"?>
<!-- Generated by org.testng.reporters.JUnitReportReporter -->
<testsuite skipped="0" hostname="DESKTOP-3OR8M0T" name="SmokeTest.validateTitle" tests="1" failures="0" timestamp="19 Apr 2019 00:20:30 GMT" time="0.379" errors="0">
  <testcase name="validateAppTitle" time="0.379" classname="SmokeTest.validateTitle"/>
</testsuite> <!-- SmokeTest.validateTitle -->
