<?xml version="1.0" encoding="UTF-8"?>
<!-- Generated by org.testng.reporters.JUnitReportReporter -->
<testsuite skipped="0" hostname="DESKTOP-3OR8M0T" name="SmokeTest.validateNavigationBar" tests="1" failures="0" timestamp="19 Apr 2019 14:45:25 GMT" time="0.720" errors="0">
  <testcase name="validateAppNavigationBar" time="0.720" classname="SmokeTest.validateNavigationBar"/>
</testsuite> <!-- SmokeTest.validateNavigationBar -->
